<?xml version="1.0" encoding="UTF-8"?>
<!-- Generated by org.testng.reporters.JUnitReportReporter -->
<testsuite hostname="del1-lhp-n70265" failures="0" tests="2" name="com.testng.selenium.v2.NewTest" time="0.011" errors="0" timestamp="2023-05-05T13:41:03 IST" skipped="0">
  <testcase classname="com.testng.selenium.v2.NewTest" name="logoutTest" time="0.000"/>
  <system-out/>
  <testcase classname="com.testng.selenium.v2.NewTest" name="loginTest" time="0.011"/>
  <system-out/>
</testsuite> <!-- com.testng.selenium.v2.NewTest -->
